<?xml version="1.0" encoding="UTF-8"?>
<!-- Generated by org.testng.reporters.JUnitReportReporter -->
<testsuite hostname="Farfi-PC" name="com.example.tests.NewGroupTest" tests="1" failures="0" timestamp="25 May 2014 08:08:12 GMT" time="6.565" errors="0">
  <testcase name="testAddNewGroupNonEmpty" time="6.565" classname="com.example.tests.NewGroupTest"/>
</testsuite> <!-- com.example.tests.NewGroupTest -->
