<?xml version="1.0" encoding="UTF-8"?>
<!-- Generated by org.testng.reporters.JUnitReportReporter -->
<testsuite hostname="Farfi-PC" name="com.example.tests.NewGroupEmptyData" tests="1" failures="0" timestamp="18 May 2014 15:16:58 GMT" time="2.039" errors="0">
  <testcase name="testAddNewGroupEmpty" time="2.039" classname="com.example.tests.NewGroupEmptyData"/>
</testsuite> <!-- com.example.tests.NewGroupEmptyData -->
