<?xml version="1.0" encoding="UTF-8"?>
<!-- Generated by org.testng.reporters.JUnitReportReporter -->
<testsuite hostname="Farfi-PC" name="com.example.tests.NewEmptyGroupTest" tests="1" failures="0" timestamp="25 May 2014 07:49:55 GMT" time="3.004" errors="0">
  <testcase name="testAddNewEmptyGroup" time="3.004" classname="com.example.tests.NewEmptyGroupTest"/>
</testsuite> <!-- com.example.tests.NewEmptyGroupTest -->
