<?xml version="1.0" encoding="UTF-8"?>
<!-- Generated by org.testng.reporters.JUnitReportReporter -->
<testsuite hostname="Farfi-PC" name="com.example.tests.NewContactTest" tests="1" failures="0" timestamp="25 May 2014 07:57:51 GMT" time="3.615" errors="0">
  <testcase name="testAddNewFullContact" time="3.615" classname="com.example.tests.NewContactTest"/>
</testsuite> <!-- com.example.tests.NewContactTest -->
