<?xml version="1.0" encoding="UTF-8"?>
<!-- Generated by org.testng.reporters.JUnitReportReporter -->
<testsuite hostname="Farfi-PC" name="com.example.tests.NewEmptyContactTest" tests="1" failures="0" timestamp="18 May 2014 17:03:50 GMT" time="2.733" errors="0">
  <testcase name="testAddNewEmptyContact" time="2.733" classname="com.example.tests.NewEmptyContactTest"/>
</testsuite> <!-- com.example.tests.NewEmptyContactTest -->
