<?xml version="1.0" encoding="UTF-8"?>
<!-- Generated by org.testng.reporters.JUnitReportReporter -->
<testsuite hostname="Farfi-PC" name="com.example.tests.NewGroupEmptyData" tests="1" failures="0" timestamp="18 May 2014 17:03:50 GMT" time="1.902" errors="0">
  <testcase name="testAddNewGroupEmpty" time="1.902" classname="com.example.tests.NewGroupEmptyData"/>
</testsuite> <!-- com.example.tests.NewGroupEmptyData -->
