<?xml version="1.0" encoding="UTF-8"?>
<!-- Generated by org.testng.reporters.JUnitReportReporter -->
<testsuite hostname="Farfi-PC" name="com.example.tests.NewEmptyGroupData" tests="1" failures="0" timestamp="25 May 2014 07:41:34 GMT" time="3.005" errors="0">
  <testcase name="testAddNewEmptyGroup" time="3.005" classname="com.example.tests.NewEmptyGroupData"/>
</testsuite> <!-- com.example.tests.NewEmptyGroupData -->
