<?xml version="1.0" encoding="UTF-8"?>
<!-- Generated by org.testng.reporters.JUnitReportReporter -->
<testsuite hostname="Farfi-PC" name="com.example.tests.NewContactTest" tests="1" failures="0" timestamp="25 May 2014 08:13:53 GMT" time="4.086" errors="0">
  <testcase name="testAddNewFullContact" time="4.086" classname="com.example.tests.NewContactTest"/>
</testsuite> <!-- com.example.tests.NewContactTest -->
