<?xml version="1.0" encoding="UTF-8"?>
<!-- Generated by org.testng.reporters.JUnitReportReporter -->
<testsuite hostname="Farfi-PC" name="com.example.tests.NewGroupTest" tests="1" failures="0" timestamp="18 May 2014 15:16:58 GMT" time="3.207" errors="0">
  <testcase name="testAddNewGroupNonEmpty" time="3.207" classname="com.example.tests.NewGroupTest"/>
</testsuite> <!-- com.example.tests.NewGroupTest -->
