<?xml version="1.0" encoding="UTF-8"?>
<!-- Generated by org.testng.reporters.JUnitReportReporter -->
<testsuite hostname="Farfi-PC" name="com.example.tests.NewContactTest1" tests="1" failures="0" timestamp="18 May 2014 17:03:50 GMT" time="3.110" errors="0">
  <testcase name="testAddNewFullContact" time="3.110" classname="com.example.tests.NewContactTest1"/>
</testsuite> <!-- com.example.tests.NewContactTest1 -->
