<?xml version="1.0" encoding="UTF-8"?>
<!-- Generated by org.testng.reporters.JUnitReportReporter -->
<testsuite hostname="Farfi-PC" name="com.example.tests.NewGroupTest" tests="1" failures="0" timestamp="25 May 2014 09:19:49 GMT" time="5.037" errors="0">
  <testcase name="testAddNewGroupNonEmpty" time="5.037" classname="com.example.tests.NewGroupTest"/>
</testsuite> <!-- com.example.tests.NewGroupTest -->
