<?xml version="1.0" encoding="UTF-8"?>
<!-- Generated by org.testng.reporters.JUnitReportReporter -->
<testsuite hostname="Farfi-PC" name="com.example.tests.NewEmptyGroupTest" tests="1" failures="0" timestamp="25 May 2014 09:34:27 GMT" time="7.711" errors="0">
  <testcase name="testAddNewEmptyGroup" time="7.711" classname="com.example.tests.NewEmptyGroupTest"/>
</testsuite> <!-- com.example.tests.NewEmptyGroupTest -->
